<?xml version="1.0" encoding="UTF-8"?>
<!-- Generated by org.testng.reporters.JUnitXMLReporter -->
<testsuite ignored="0" hostname="Collaberas-MacBook-Pro.local" failures="0" tests="5" name="Default test" time="192.93" errors="0" timestamp="2023-04-28T19:19:24 PST">
  <testcase classname="Test_Scenarios.Test_Scenarios_Edureka" name="launchEdureka" time="3.197"/>
  <testcase classname="Test_Scenarios.Test_Scenarios_Edureka" name="signUp" time="46.38"/>
  <testcase classname="Test_Scenarios.Test_Scenarios_Edureka" name="logIn" time="11.307"/>
  <testcase classname="Test_Scenarios.Test_Scenarios_Edureka" name="profile" time="96.644"/>
  <testcase classname="Test_Scenarios.Test_Scenarios_Edureka" name="interest" time="14.47"/>
</testsuite> <!-- Default test -->
