<?xml version="1.0" encoding="UTF-8"?>
<testng-results ignored="0" total="5" passed="5" failed="0" skipped="0">
  <reporter-output>
  </reporter-output>
  <suite started-at="2023-04-28T19:16:06 PST" name="Default suite" finished-at="2023-04-28T19:19:19 PST" duration-ms="192930">
    <groups>
    </groups>
    <test started-at="2023-04-28T19:16:06 PST" name="Default test" finished-at="2023-04-28T19:19:19 PST" duration-ms="192930">
      <class name="Test_Scenarios.Test_Scenarios_Edureka">
        <test-method is-config="true" signature="beforeSuite()[pri:0, instance:Test_Scenarios.Test_Scenarios_Edureka@738dc9b]" started-at="2023-04-28T19:15:48 PST" name="beforeSuite" finished-at="2023-04-28T19:16:06 PST" duration-ms="18098" status="PASS">
          <reporter-output>
          </reporter-output>
        </test-method> <!-- beforeSuite -->
        <test-method is-config="true" signature="beforeTest()[pri:0, instance:Test_Scenarios.Test_Scenarios_Edureka@738dc9b]" started-at="2023-04-28T19:16:06 PST" name="beforeTest" finished-at="2023-04-28T19:16:26 PST" duration-ms="20571" status="PASS">
          <reporter-output>
          </reporter-output>
        </test-method> <!-- beforeTest -->
        <test-method signature="launchEdureka()[pri:0, instance:Test_Scenarios.Test_Scenarios_Edureka@738dc9b]" started-at="2023-04-28T19:16:26 PST" name="launchEdureka" finished-at="2023-04-28T19:16:30 PST" duration-ms="3197" status="PASS">
          <reporter-output>
          </reporter-output>
        </test-method> <!-- launchEdureka -->
        <test-method signature="signUp()[pri:1, instance:Test_Scenarios.Test_Scenarios_Edureka@738dc9b]" started-at="2023-04-28T19:16:30 PST" name="signUp" finished-at="2023-04-28T19:17:16 PST" duration-ms="46380" status="PASS">
          <reporter-output>
          </reporter-output>
        </test-method> <!-- signUp -->
        <test-method signature="logIn()[pri:2, instance:Test_Scenarios.Test_Scenarios_Edureka@738dc9b]" started-at="2023-04-28T19:17:16 PST" name="logIn" finished-at="2023-04-28T19:17:27 PST" duration-ms="11307" status="PASS">
          <reporter-output>
          </reporter-output>
        </test-method> <!-- logIn -->
        <test-method signature="profile()[pri:3, instance:Test_Scenarios.Test_Scenarios_Edureka@738dc9b]" started-at="2023-04-28T19:17:27 PST" name="profile" finished-at="2023-04-28T19:19:04 PST" duration-ms="96644" status="PASS">
          <reporter-output>
          </reporter-output>
        </test-method> <!-- profile -->
        <test-method signature="interest()[pri:4, instance:Test_Scenarios.Test_Scenarios_Edureka@738dc9b]" started-at="2023-04-28T19:19:04 PST" name="interest" finished-at="2023-04-28T19:19:19 PST" duration-ms="14470" status="PASS">
          <reporter-output>
          </reporter-output>
        </test-method> <!-- interest -->
        <test-method is-config="true" signature="afterTest()[pri:0, instance:Test_Scenarios.Test_Scenarios_Edureka@738dc9b]" started-at="2023-04-28T19:19:19 PST" name="afterTest" finished-at="2023-04-28T19:19:19 PST" duration-ms="234" status="PASS">
          <reporter-output>
          </reporter-output>
        </test-method> <!-- afterTest -->
        <test-method is-config="true" signature="afterSuite()[pri:0, instance:Test_Scenarios.Test_Scenarios_Edureka@738dc9b]" started-at="2023-04-28T19:19:24 PST" name="afterSuite" finished-at="2023-04-28T19:19:24 PST" duration-ms="271" status="PASS">
          <reporter-output>
          </reporter-output>
        </test-method> <!-- afterSuite -->
      </class> <!-- Test_Scenarios.Test_Scenarios_Edureka -->
    </test> <!-- Default test -->
  </suite> <!-- Default suite -->
</testng-results>
